
> api-factory@0.1.0 lint /workspaces/api-factory
> eslint . --ext .js,.jsx,.ts,.tsx

(node:6565) ESLintIgnoreWarning: The ".eslintignore" file is no longer supported. Switch to using the "ignores" property in "eslint.config.js": https://eslint.org/docs/latest/use/configure/migration-guide#ignoring-files
(Use `node --trace-warnings ...` to show where the warning was created)
(node:6565) [MODULE_TYPELESS_PACKAGE_JSON] Warning: Module type of file:///workspaces/api-factory/eslint.config.js?mtime=1757384375076 is not specified and it doesn't parse as CommonJS.
Reparsing as ES module because module syntax was detected. This incurs a performance overhead.
To eliminate this warning, add "type": "module" to /workspaces/api-factory/package.json.

/workspaces/api-factory/api-factory/backend/dist/api-factory/backend/src/routes/index.js
  2:40  warning  'request' is defined but never used. Allowed unused args must match /^_/u  @typescript-eslint/no-unused-vars
  2:49  warning  'reply' is defined but never used. Allowed unused args must match /^_/u    @typescript-eslint/no-unused-vars

/workspaces/api-factory/api-factory/backend/dist/api-factory/backend/src/tier-middleware.js
  3:22  warning  'request' is defined but never used. Allowed unused args must match /^_/u  @typescript-eslint/no-unused-vars

/workspaces/api-factory/api-factory/backend/dist/packages/core/src/tiers.js
  37:8  error  Unexpected var, use let or const instead  no-var

/workspaces/api-factory/api-factory/backend/src/routes/index.ts
  4:38  warning  'request' is defined but never used. Allowed unused args must match /^_/u  @typescript-eslint/no-unused-vars
  4:47  warning  'reply' is defined but never used. Allowed unused args must match /^_/u    @typescript-eslint/no-unused-vars

/workspaces/api-factory/api-factory/backend/src/routes/sdk-templates.test.ts
  3:8  warning  'fs' is defined but never used    @typescript-eslint/no-unused-vars
  4:8  warning  'path' is defined but never used  @typescript-eslint/no-unused-vars

/workspaces/api-factory/api-factory/backend/src/routes/sdk-templates.ts
  31:85  error  Unexpected any. Specify a different type  @typescript-eslint/no-explicit-any
  56:38  error  Unexpected any. Specify a different type  @typescript-eslint/no-explicit-any
  57:39  error  Unexpected any. Specify a different type  @typescript-eslint/no-explicit-any
  68:38  error  Unexpected any. Specify a different type  @typescript-eslint/no-explicit-any

/workspaces/api-factory/api-factory/backend/src/routes/siwe.ts
   14:37  error  Unexpected any. Specify a different type  @typescript-eslint/no-explicit-any
   40:39  error  Unexpected any. Specify a different type  @typescript-eslint/no-explicit-any
   70:34  error  Unexpected any. Specify a different type  @typescript-eslint/no-explicit-any
   71:35  error  Unexpected any. Specify a different type  @typescript-eslint/no-explicit-any
   80:41  error  Unexpected any. Specify a different type  @typescript-eslint/no-explicit-any
   94:61  error  Unexpected any. Specify a different type  @typescript-eslint/no-explicit-any
  104:61  error  Unexpected any. Specify a different type  @typescript-eslint/no-explicit-any
  108:19  error  Unexpected any. Specify a different type  @typescript-eslint/no-explicit-any
  120:37  error  Unexpected any. Specify a different type  @typescript-eslint/no-explicit-any
  146:37  error  Unexpected any. Specify a different type  @typescript-eslint/no-explicit-any

/workspaces/api-factory/api-factory/backend/src/routes/tiers.ts
  7:56  error  Unexpected any. Specify a different type  @typescript-eslint/no-explicit-any

/workspaces/api-factory/api-factory/backend/src/server.ts
  49:14  warning  'err' is defined but never used           @typescript-eslint/no-unused-vars
  58:37  error    Unexpected any. Specify a different type  @typescript-eslint/no-explicit-any
  80:18  warning  'err' is defined but never used           @typescript-eslint/no-unused-vars

/workspaces/api-factory/api-factory/backend/src/tier-middleware.ts
  2:10  warning  'FastifyInstance' is defined but never used                                @typescript-eslint/no-unused-vars
  5:22  warning  'request' is defined but never used. Allowed unused args must match /^_/u  @typescript-eslint/no-unused-vars

/workspaces/api-factory/apps/admin-bot/index.js
  47:16  warning  'e' is defined but never used  @typescript-eslint/no-unused-vars

/workspaces/api-factory/apps/admin-web/src/main.tsx
  4:13  error  Unexpected any. Specify a different type  @typescript-eslint/no-explicit-any

/workspaces/api-factory/apps/api-cli/src/server.ts
   12:42   error    Unexpected any. Specify a different type                                 @typescript-eslint/no-explicit-any
   12:47   warning  'reply' is defined but never used. Allowed unused args must match /^_/u  @typescript-eslint/no-unused-vars
   12:54   error    Unexpected any. Specify a different type                                 @typescript-eslint/no-explicit-any
   81:27   error    Unexpected any. Specify a different type                                 @typescript-eslint/no-explicit-any
   82:28   error    Unexpected any. Specify a different type                                 @typescript-eslint/no-explicit-any
   87:99   error    Unexpected any. Specify a different type                                 @typescript-eslint/no-explicit-any
   87:125  error    Unexpected any. Specify a different type                                 @typescript-eslint/no-explicit-any
   91:53   error    Unexpected any. Specify a different type                                 @typescript-eslint/no-explicit-any
  119:25   error    Unexpected any. Specify a different type                                 @typescript-eslint/no-explicit-any
  128:15   error    Unexpected any. Specify a different type                                 @typescript-eslint/no-explicit-any

/workspaces/api-factory/packages/admin/agent-plugins/auto-build.ts
  10:19  error  Unnecessary escape character: \/  no-useless-escape

✖ 41 problems (28 errors, 13 warnings)

 ELIFECYCLE  Command failed with exit code 1.
