Scope: all 10 workspace projects
[?25l[36m?[39m [1mThe modules directories will be removed and reinstalled from scratch. Proceed?[22m [2m(Y/n)[22m [2m‣[22m [36mtrue[39m[4D[2K[F[2K[1G[32m✔[39m [1mThe modules directories will be removed and reinstalled from scratch. Proceed?[22m [2m(Y/n)[22m [2m·[22m [32mtrue[39m[3D

[?25hRecreating /workspaces/api-factory/node_modules
Lockfile is up to date, resolution step is skipped
Progress: resolved 1, reused 0, downloaded 0, added 0
Packages: +617
++++++++++++++++++++++++++++++++++++++++++++++++++++++++++++++++++++++++++++++++
Progress: resolved 617, reused 33, downloaded 0, added 0
Progress: resolved 617, reused 111, downloaded 0, added 0
Progress: resolved 617, reused 204, downloaded 0, added 0
Progress: resolved 617, reused 343, downloaded 0, added 0
Progress: resolved 617, reused 560, downloaded 0, added 0
Progress: resolved 617, reused 617, downloaded 0, added 617, done

dependencies:
+ @fastify/cookie 11.0.2
+ @fastify/session 11.1.0
+ @fastify/static 8.2.0
+ fastify 5.6.0
+ siwe 3.0.0
+ uuid 12.0.0

devDependencies:
+ @types/node 24.3.1
+ concurrently 9.2.1
+ tsx 4.20.5
+ typescript 5.9.2

Done in 27.8s
