#0 building with "default" instance using docker driver

#1 [internal] load build definition from Dockerfile.web
#1 transferring dockerfile: 543B done
#1 DONE 0.0s

#2 [internal] load metadata for docker.io/library/node:22-alpine
#2 DONE 0.1s

#3 [internal] load metadata for docker.io/library/nginx:alpine
#3 DONE 0.1s

#4 [internal] load .dockerignore
#4 transferring context: 2B done
#4 DONE 0.0s

#5 [build 1/5] FROM docker.io/library/node:22-alpine@sha256:d2166de198f26e17e5a442f537754dd616ab069c47cc57b889310a717e0abbf9
#5 DONE 0.0s

#6 [stage-1 1/2] FROM docker.io/library/nginx:alpine@sha256:42a516af16b852e33b7682d5ef8acbd5d13fe08fecadc7ed98605ba5e3b26ab8
#6 DONE 0.0s

#7 [internal] load build context
#7 transferring context: 11.48MB 0.1s done
#7 DONE 0.1s

#8 [build 3/5] COPY pnpm-workspace.yaml package.json tsconfig.json ./
#8 CACHED

#9 [build 5/5] RUN corepack enable && corepack prepare pnpm@9.9.0 --activate  && pnpm -F admin-web i  && pnpm -F admin-web build
#9 CACHED

#10 [build 4/5] COPY apps/admin-web ./apps/admin-web
#10 CACHED

#11 [build 2/5] WORKDIR /app
#11 CACHED

#12 [stage-1 2/2] COPY --from=build /app/apps/admin-web/dist /usr/share/nginx/html
#12 CACHED

#13 exporting to image
#13 exporting layers done
#13 writing image sha256:9b59d642e080f4c34dd4bd514b31cf879b415fe9c176ee0867c7546af8fa006e done
#13 naming to docker.io/library/api-factory-web:local done
#13 DONE 0.0s
