
> api-factory@0.1.0 build /workspaces/api-factory
> pnpm -r build

Scope: 7 of 8 workspace projects
apps/admin-web build$ tsc -p tsconfig.json && vite build
apps/web build$ tsc -b && vite build
packages/admin build$ vite build
packages/admin-api build$ tsc -p tsconfig.json
packages/admin build: vite v7.1.4 building for production...
packages/admin build: transforming...
packages/admin build: ✓ 26 modules transformed.
packages/admin build: rendering chunks...
packages/admin build: computing gzip size...
packages/admin build: dist/index.html                  0.34 kB │ gzip:  0.25 kB
packages/admin build: dist/assets/index-Dc5oM5a-.js  145.04 kB │ gzip: 46.66 kB
packages/admin build: ✓ built in 2.14s
packages/admin build: Done
packages/api-factory-sdk build$ tsc -p tsconfig.json && node ./scripts/bundle.mjs
packages/admin-api build: Done
packages/core build$ tsc -p tsconfig.json
packages/api-factory-sdk build: Done
apps/admin-web build: vite v7.1.4 building for production...
apps/admin-web build: transforming...
apps/web build: vite v7.1.4 building for production...
packages/core build: Done
apps/web build: transforming...
apps/admin-web build: ✓ 25 modules transformed.
apps/admin-web build: rendering chunks...
apps/admin-web build: computing gzip size...
apps/admin-web build: dist/index.html                  0.33 kB │ gzip:  0.25 kB
apps/admin-web build: dist/assets/index-BgrdNSu7.js  146.85 kB │ gzip: 47.27 kB
apps/admin-web build: ✓ built in 1.24s
apps/admin-web build: Done
apps/web build: ✓ 32 modules transformed.
apps/web build: rendering chunks...
apps/web build: computing gzip size...
apps/web build: dist/index.html                   0.46 kB │ gzip:  0.30 kB
apps/web build: dist/assets/index-Dtn62Xmo.css    0.91 kB │ gzip:  0.49 kB
apps/web build: dist/assets/index-CHafMcrE.js   190.79 kB │ gzip: 60.36 kB
apps/web build: ✓ built in 1.25s
apps/web build: Done
apps/api-cli build$ tsc -p tsconfig.json
apps/api-cli build: Done
