#0 building with "default" instance using docker driver

#1 [internal] load build definition from Dockerfile
#1 transferring dockerfile: 149B done
#1 DONE 0.0s

#2 [internal] load metadata for docker.io/library/node:20-alpine
#2 DONE 0.1s

#3 [internal] load .dockerignore
#3 transferring context: 91B done
#3 DONE 0.0s

#4 [1/4] FROM docker.io/library/node:20-alpine@sha256:eabac870db94f7342d6c33560d6613f188bbcf4bbe1f4eb47d5e2a08e1a37722
#4 DONE 0.0s

#5 [internal] load build context
#5 transferring context: 532B done
#5 DONE 0.0s

#6 [2/4] WORKDIR /app
#6 CACHED

#7 [3/4] COPY . .
#7 DONE 0.0s

#8 [4/4] RUN npm ci --omit=dev && npm run build
#8 0.576 npm error code EUSAGE
#8 0.576 npm error
#8 0.576 npm error The `npm ci` command can only install with an existing package-lock.json or
#8 0.576 npm error npm-shrinkwrap.json with lockfileVersion >= 1. Run an install with npm@5 or
#8 0.576 npm error later to generate a package-lock.json file, then try again.
#8 0.576 npm error
#8 0.576 npm error Clean install a project
#8 0.576 npm error
#8 0.576 npm error Usage:
#8 0.576 npm error npm ci
#8 0.576 npm error
#8 0.576 npm error Options:
#8 0.576 npm error [--install-strategy <hoisted|nested|shallow|linked>] [--legacy-bundling]
#8 0.576 npm error [--global-style] [--omit <dev|optional|peer> [--omit <dev|optional|peer> ...]]
#8 0.576 npm error [--include <prod|dev|optional|peer> [--include <prod|dev|optional|peer> ...]]
#8 0.576 npm error [--strict-peer-deps] [--foreground-scripts] [--ignore-scripts] [--no-audit]
#8 0.576 npm error [--no-bin-links] [--no-fund] [--dry-run]
#8 0.576 npm error [-w|--workspace <workspace-name> [-w|--workspace <workspace-name> ...]]
#8 0.576 npm error [-ws|--workspaces] [--include-workspace-root] [--install-links]
#8 0.576 npm error
#8 0.576 npm error aliases: clean-install, ic, install-clean, isntall-clean
#8 0.576 npm error
#8 0.576 npm error Run "npm help ci" for more info
#8 0.578 npm error A complete log of this run can be found in: /root/.npm/_logs/2025-09-07T06_37_35_304Z-debug-0.log
#8 ERROR: process "/bin/sh -c npm ci --omit=dev && npm run build" did not complete successfully: exit code: 1
------
 > [4/4] RUN npm ci --omit=dev && npm run build:
0.576 npm error [--include <prod|dev|optional|peer> [--include <prod|dev|optional|peer> ...]]
0.576 npm error [--strict-peer-deps] [--foreground-scripts] [--ignore-scripts] [--no-audit]
0.576 npm error [--no-bin-links] [--no-fund] [--dry-run]
0.576 npm error [-w|--workspace <workspace-name> [-w|--workspace <workspace-name> ...]]
0.576 npm error [-ws|--workspaces] [--include-workspace-root] [--install-links]
0.576 npm error
0.576 npm error aliases: clean-install, ic, install-clean, isntall-clean
0.576 npm error
0.576 npm error Run "npm help ci" for more info
0.578 npm error A complete log of this run can be found in: /root/.npm/_logs/2025-09-07T06_37_35_304Z-debug-0.log
------
Dockerfile:4
--------------------
   2 |     WORKDIR /app
   3 |     COPY . .
   4 | >>> RUN npm ci --omit=dev && npm run build
   5 |     CMD ["node", "dist/server.js"]
   6 |     
--------------------
ERROR: failed to build: failed to solve: process "/bin/sh -c npm ci --omit=dev && npm run build" did not complete successfully: exit code: 1
